<?xml version="1.0" encoding="UTF-8"?>
<!-- Generated by org.testng.reporters.JUnitXMLReporter -->
<testsuite ignored="0" hostname="NANY1203LP83ZP2" failures="0" tests="3" name="Default test" time="20.133" errors="0" timestamp="2022-02-18T14:42:35 EST">
  <testcase classname="com.testing.TestNGsample" name="load" time="0.008"/>
  <testcase classname="com.testing.TestNGsample" name="click" time="2.946"/>
  <testcase classname="com.testing.TestNGsample" name="verifyLink" time="0.012"/>
</testsuite> <!-- Default test -->
