<?xml version="1.0" encoding="UTF-8"?>
<testng-results ignored="0" total="1" passed="1" failed="0" skipped="0">
  <reporter-output>
  </reporter-output>
  <suite started-at="2022-02-19T00:12:04 EST" name="Default suite" finished-at="2022-02-19T00:12:11 EST" duration-ms="7205">
    <groups>
    </groups>
    <test started-at="2022-02-19T00:12:04 EST" name="Default test" finished-at="2022-02-19T00:12:11 EST" duration-ms="7205">
      <class name="com.testing.FacebookLogin">
        <test-method is-config="true" signature="launchBrowser()[pri:0, instance:com.testing.FacebookLogin@1af2d44a]" started-at="2022-02-19T00:12:04 EST" name="launchBrowser" finished-at="2022-02-19T00:12:10 EST" duration-ms="5712" status="PASS">
          <reporter-output>
          </reporter-output>
        </test-method> <!-- launchBrowser -->
        <test-method signature="fbLogin()[pri:2, instance:com.testing.FacebookLogin@1af2d44a]" started-at="2022-02-19T00:12:10 EST" name="fbLogin" finished-at="2022-02-19T00:12:10 EST" duration-ms="674" status="PASS">
          <reporter-output>
          </reporter-output>
        </test-method> <!-- fbLogin -->
        <test-method is-config="true" signature="closeBrowser()[pri:0, instance:com.testing.FacebookLogin@1af2d44a]" started-at="2022-02-19T00:12:10 EST" name="closeBrowser" finished-at="2022-02-19T00:12:11 EST" duration-ms="774" status="PASS">
          <reporter-output>
          </reporter-output>
        </test-method> <!-- closeBrowser -->
      </class> <!-- com.testing.FacebookLogin -->
    </test> <!-- Default test -->
  </suite> <!-- Default suite -->
</testng-results>
