<?xml version="1.0" encoding="UTF-8"?>
<testng-results ignored="0" total="3" passed="3" failed="0" skipped="0">
  <reporter-output>
  </reporter-output>
  <suite started-at="2022-02-18T14:42:15 EST" name="Default suite" finished-at="2022-02-18T14:42:35 EST" duration-ms="20133">
    <groups>
    </groups>
    <test started-at="2022-02-18T14:42:15 EST" name="Default test" finished-at="2022-02-18T14:42:35 EST" duration-ms="20133">
      <class name="com.testing.TestNGsample">
        <test-method is-config="true" signature="launch()[pri:0, instance:com.testing.TestNGsample@66d3eec0]" started-at="2022-02-18T14:42:15 EST" name="launch" finished-at="2022-02-18T14:42:29 EST" duration-ms="14540" status="PASS">
          <reporter-output>
          </reporter-output>
        </test-method> <!-- launch -->
        <test-method signature="load()[pri:1, instance:com.testing.TestNGsample@66d3eec0]" started-at="2022-02-18T14:42:29 EST" name="load" finished-at="2022-02-18T14:42:29 EST" duration-ms="8" status="PASS">
          <reporter-output>
          </reporter-output>
        </test-method> <!-- load -->
        <test-method signature="click()[pri:2, instance:com.testing.TestNGsample@66d3eec0]" started-at="2022-02-18T14:42:29 EST" name="click" finished-at="2022-02-18T14:42:32 EST" duration-ms="2946" status="PASS">
          <reporter-output>
          </reporter-output>
        </test-method> <!-- click -->
        <test-method signature="verifyLink()[pri:3, instance:com.testing.TestNGsample@66d3eec0]" started-at="2022-02-18T14:42:32 EST" name="verifyLink" finished-at="2022-02-18T14:42:32 EST" duration-ms="12" status="PASS">
          <reporter-output>
          </reporter-output>
        </test-method> <!-- verifyLink -->
        <test-method is-config="true" signature="close()[pri:0, instance:com.testing.TestNGsample@66d3eec0]" started-at="2022-02-18T14:42:32 EST" name="close" finished-at="2022-02-18T14:42:35 EST" duration-ms="2525" status="PASS">
          <reporter-output>
          </reporter-output>
        </test-method> <!-- close -->
      </class> <!-- com.testing.TestNGsample -->
    </test> <!-- Default test -->
  </suite> <!-- Default suite -->
</testng-results>
